<?xml version="1.0" encoding="UTF-8"?>
<coverage generated="1583345246762" clover="3.2.0">
  <project timestamp="1583345246762" name="All files">
    <metrics statements="145" coveredstatements="95" conditionals="79" coveredconditionals="43" methods="68" coveredmethods="43" elements="292" coveredelements="181" complexity="0" loc="145" ncloc="145" packages="6" files="15" classes="15"/>
    <package name="src">
      <metrics statements="53" coveredstatements="11" conditionals="40" coveredconditionals="5" methods="20" coveredmethods="3"/>
      <file name="App.js" path="D:\osr_plcmnt\Osr2020\AZ\2MarchBeforeTestCases\src\App.js">
        <metrics statements="5" coveredstatements="4" conditionals="2" coveredconditionals="1" methods="3" coveredmethods="2"/>
        <line num="8" count="1" type="stmt"/>
        <line num="9" count="1" type="stmt"/>
        <line num="10" count="0" type="stmt"/>
        <line num="14" count="1" type="stmt"/>
        <line num="15" count="1" type="stmt"/>
      </file>
      <file name="constants.js" path="D:\osr_plcmnt\Osr2020\AZ\2MarchBeforeTestCases\src\constants.js">
        <metrics statements="2" coveredstatements="2" conditionals="0" coveredconditionals="0" methods="0" coveredmethods="0"/>
        <line num="1" count="3" type="stmt"/>
        <line num="2" count="3" type="stmt"/>
      </file>
      <file name="index.js" path="D:\osr_plcmnt\Osr2020\AZ\2MarchBeforeTestCases\src\index.js">
        <metrics statements="2" coveredstatements="0" conditionals="0" coveredconditionals="0" methods="0" coveredmethods="0"/>
        <line num="7" count="0" type="stmt"/>
        <line num="12" count="0" type="stmt"/>
      </file>
      <file name="serviceWorker.js" path="D:\osr_plcmnt\Osr2020\AZ\2MarchBeforeTestCases\src\serviceWorker.js">
        <metrics statements="39" coveredstatements="0" conditionals="32" coveredconditionals="0" methods="16" coveredmethods="0"/>
        <line num="13" count="0" type="stmt"/>
        <line num="24" count="0" type="cond" truecount="0" falsecount="4"/>
        <line num="26" count="0" type="stmt"/>
        <line num="27" count="0" type="cond" truecount="0" falsecount="2"/>
        <line num="31" count="0" type="stmt"/>
        <line num="34" count="0" type="stmt"/>
        <line num="35" count="0" type="stmt"/>
        <line num="37" count="0" type="cond" truecount="0" falsecount="2"/>
        <line num="39" count="0" type="stmt"/>
        <line num="43" count="0" type="stmt"/>
        <line num="44" count="0" type="stmt"/>
        <line num="51" count="0" type="stmt"/>
        <line num="58" count="0" type="stmt"/>
        <line num="61" count="0" type="stmt"/>
        <line num="62" count="0" type="stmt"/>
        <line num="63" count="0" type="cond" truecount="0" falsecount="2"/>
        <line num="64" count="0" type="stmt"/>
        <line num="66" count="0" type="stmt"/>
        <line num="67" count="0" type="cond" truecount="0" falsecount="2"/>
        <line num="68" count="0" type="cond" truecount="0" falsecount="2"/>
        <line num="72" count="0" type="stmt"/>
        <line num="78" count="0" type="cond" truecount="0" falsecount="4"/>
        <line num="79" count="0" type="stmt"/>
        <line num="85" count="0" type="stmt"/>
        <line num="88" count="0" type="cond" truecount="0" falsecount="4"/>
        <line num="89" count="0" type="stmt"/>
        <line num="97" count="0" type="stmt"/>
        <line num="103" count="0" type="stmt"/>
        <line num="108" count="0" type="stmt"/>
        <line num="109" count="0" type="cond" truecount="0" falsecount="2"/>
        <line num="114" count="0" type="stmt"/>
        <line num="115" count="0" type="stmt"/>
        <line num="116" count="0" type="stmt"/>
        <line num="121" count="0" type="stmt"/>
        <line num="125" count="0" type="stmt"/>
        <line num="132" count="0" type="cond" truecount="0" falsecount="2"/>
        <line num="133" count="0" type="stmt"/>
        <line num="135" count="0" type="stmt"/>
        <line num="138" count="0" type="stmt"/>
      </file>
      <file name="utils.js" path="D:\osr_plcmnt\Osr2020\AZ\2MarchBeforeTestCases\src\utils.js">
        <metrics statements="5" coveredstatements="5" conditionals="6" coveredconditionals="4" methods="1" coveredmethods="1"/>
        <line num="3" count="2" type="stmt"/>
        <line num="4" count="7" type="cond" truecount="1" falsecount="1"/>
        <line num="5" count="7" type="cond" truecount="1" falsecount="1"/>
        <line num="6" count="7" type="cond" truecount="2" falsecount="0"/>
        <line num="7" count="7" type="stmt"/>
      </file>
    </package>
    <package name="src.components.car">
      <metrics statements="18" coveredstatements="17" conditionals="24" coveredconditionals="23" methods="8" coveredmethods="6"/>
      <file name="CarDetails.js" path="D:\osr_plcmnt\Osr2020\AZ\2MarchBeforeTestCases\src\components\car\CarDetails.js">
        <metrics statements="9" coveredstatements="8" conditionals="20" coveredconditionals="20" methods="5" coveredmethods="3"/>
        <line num="8" count="2" type="stmt"/>
        <line num="9" count="6" type="stmt"/>
        <line num="11" count="6" type="stmt"/>
        <line num="12" count="3" type="stmt"/>
        <line num="13" count="3" type="stmt"/>
        <line num="14" count="3" type="stmt"/>
        <line num="18" count="6" type="stmt"/>
        <line num="20" count="6" type="stmt"/>
        <line num="61" count="0" type="stmt"/>
      </file>
      <file name="CarItem.js" path="D:\osr_plcmnt\Osr2020\AZ\2MarchBeforeTestCases\src\components\car\CarItem.js">
        <metrics statements="4" coveredstatements="4" conditionals="0" coveredconditionals="0" methods="1" coveredmethods="1"/>
        <line num="4" count="4" type="stmt"/>
        <line num="5" count="13" type="stmt"/>
        <line num="10" count="13" type="stmt"/>
        <line num="11" count="13" type="stmt"/>
      </file>
      <file name="CarsLanding.js" path="D:\osr_plcmnt\Osr2020\AZ\2MarchBeforeTestCases\src\components\car\CarsLanding.js">
        <metrics statements="5" coveredstatements="5" conditionals="4" coveredconditionals="3" methods="2" coveredmethods="2"/>
        <line num="6" count="3" type="stmt"/>
        <line num="7" count="15" type="stmt"/>
        <line num="9" count="15" type="cond" truecount="1" falsecount="1"/>
        <line num="11" count="15" type="stmt"/>
        <line num="18" count="10" type="cond" truecount="2" falsecount="0"/>
      </file>
    </package>
    <package name="src.components.common">
      <metrics statements="21" coveredstatements="19" conditionals="4" coveredconditionals="4" methods="10" coveredmethods="8"/>
      <file name="Footer.js" path="D:\osr_plcmnt\Osr2020\AZ\2MarchBeforeTestCases\src\components\common\Footer.js">
        <metrics statements="2" coveredstatements="2" conditionals="0" coveredconditionals="0" methods="1" coveredmethods="1"/>
        <line num="4" count="5" type="stmt"/>
        <line num="5" count="24" type="stmt"/>
      </file>
      <file name="NotFound404.js" path="D:\osr_plcmnt\Osr2020\AZ\2MarchBeforeTestCases\src\components\common\NotFound404.js">
        <metrics statements="2" coveredstatements="2" conditionals="0" coveredconditionals="0" methods="1" coveredmethods="1"/>
        <line num="7" count="2" type="stmt"/>
        <line num="8" count="3" type="stmt"/>
      </file>
      <file name="Pagination.js" path="D:\osr_plcmnt\Osr2020\AZ\2MarchBeforeTestCases\src\components\common\Pagination.js">
        <metrics statements="15" coveredstatements="13" conditionals="4" coveredconditionals="4" methods="7" coveredmethods="5"/>
        <line num="4" count="4" type="stmt"/>
        <line num="5" count="24" type="stmt"/>
        <line num="7" count="24" type="stmt"/>
        <line num="8" count="3" type="cond" truecount="2" falsecount="0"/>
        <line num="9" count="2" type="stmt"/>
        <line num="11" count="1" type="stmt"/>
        <line num="15" count="24" type="stmt"/>
        <line num="16" count="3" type="cond" truecount="2" falsecount="0"/>
        <line num="17" count="1" type="stmt"/>
        <line num="19" count="2" type="stmt"/>
        <line num="23" count="24" type="stmt"/>
        <line num="27" count="0" type="stmt"/>
        <line num="32" count="3" type="stmt"/>
        <line num="42" count="3" type="stmt"/>
        <line num="47" count="0" type="stmt"/>
      </file>
      <file name="TopHeader.js" path="D:\osr_plcmnt\Osr2020\AZ\2MarchBeforeTestCases\src\components\common\TopHeader.js">
        <metrics statements="2" coveredstatements="2" conditionals="0" coveredconditionals="0" methods="1" coveredmethods="1"/>
        <line num="5" count="5" type="stmt"/>
        <line num="6" count="24" type="stmt"/>
      </file>
    </package>
    <package name="src.components.filter">
      <metrics statements="15" coveredstatements="13" conditionals="9" coveredconditionals="9" methods="7" coveredmethods="5"/>
      <file name="Filter.js" path="D:\osr_plcmnt\Osr2020\AZ\2MarchBeforeTestCases\src\components\filter\Filter.js">
        <metrics statements="15" coveredstatements="13" conditionals="9" coveredconditionals="9" methods="7" coveredmethods="5"/>
        <line num="7" count="3" type="stmt"/>
        <line num="8" count="30" type="stmt"/>
        <line num="14" count="65" type="cond" truecount="3" falsecount="0"/>
        <line num="17" count="0" type="stmt"/>
        <line num="26" count="3" type="stmt"/>
        <line num="27" count="15" type="stmt"/>
        <line num="28" count="15" type="stmt"/>
        <line num="29" count="15" type="stmt"/>
        <line num="30" count="0" type="stmt"/>
        <line num="32" count="15" type="stmt"/>
        <line num="33" count="15" type="cond" truecount="2" falsecount="0"/>
        <line num="34" count="15" type="cond" truecount="2" falsecount="0"/>
        <line num="35" count="15" type="cond" truecount="2" falsecount="0"/>
        <line num="37" count="15" type="stmt"/>
        <line num="55" count="1" type="stmt"/>
      </file>
    </package>
    <package name="src.components.home">
      <metrics statements="18" coveredstatements="15" conditionals="0" coveredconditionals="0" methods="7" coveredmethods="5"/>
      <file name="Home.js" path="D:\osr_plcmnt\Osr2020\AZ\2MarchBeforeTestCases\src\components\home\Home.js">
        <metrics statements="18" coveredstatements="15" conditionals="0" coveredconditionals="0" methods="7" coveredmethods="5"/>
        <line num="11" count="2" type="stmt"/>
        <line num="12" count="12" type="stmt"/>
        <line num="14" count="12" type="stmt"/>
        <line num="15" count="6" type="stmt"/>
        <line num="16" count="6" type="stmt"/>
        <line num="17" count="5" type="stmt"/>
        <line num="18" count="5" type="stmt"/>
        <line num="19" count="5" type="stmt"/>
        <line num="20" count="5" type="stmt"/>
        <line num="25" count="12" type="stmt"/>
        <line num="26" count="1" type="stmt"/>
        <line num="27" count="1" type="stmt"/>
        <line num="28" count="1" type="stmt"/>
        <line num="32" count="12" type="stmt"/>
        <line num="33" count="0" type="stmt"/>
        <line num="34" count="0" type="stmt"/>
        <line num="35" count="0" type="stmt"/>
        <line num="40" count="12" type="stmt"/>
      </file>
    </package>
    <package name="src.helper">
      <metrics statements="20" coveredstatements="20" conditionals="2" coveredconditionals="2" methods="16" coveredmethods="16"/>
      <file name="Service.js" path="D:\osr_plcmnt\Osr2020\AZ\2MarchBeforeTestCases\src\helper\Service.js">
        <metrics statements="20" coveredstatements="20" conditionals="2" coveredconditionals="2" methods="16" coveredmethods="16"/>
        <line num="3" count="2" type="stmt"/>
        <line num="4" count="3" type="stmt"/>
        <line num="5" count="3" type="cond" truecount="2" falsecount="0"/>
        <line num="6" count="1" type="stmt"/>
        <line num="8" count="1" type="stmt"/>
        <line num="13" count="2" type="stmt"/>
        <line num="14" count="3" type="stmt"/>
        <line num="15" count="3" type="stmt"/>
        <line num="16" count="1" type="stmt"/>
        <line num="18" count="1" type="stmt"/>
        <line num="23" count="2" type="stmt"/>
        <line num="24" count="3" type="stmt"/>
        <line num="25" count="3" type="stmt"/>
        <line num="26" count="1" type="stmt"/>
        <line num="28" count="1" type="stmt"/>
        <line num="34" count="2" type="stmt"/>
        <line num="35" count="2" type="stmt"/>
        <line num="36" count="2" type="stmt"/>
        <line num="37" count="1" type="stmt"/>
        <line num="39" count="1" type="stmt"/>
      </file>
    </package>
  </project>
</coverage>
