{"D:\\osr_plcmnt\\Osr2020\\AZ\\2MarchBeforeTestCases\\src\\App.js": {"path":"D:\\osr_plcmnt\\Osr2020\\AZ\\2MarchBeforeTestCases\\src\\App.js","statementMap":{"0":{"start":{"line":8,"column":15},"end":{"line":11,"column":1}},"1":{"start":{"line":9,"column":13},"end":{"line":9,"column":21}},"2":{"start":{"line":10,"column":42},"end":{"line":10,"column":85}},"3":{"start":{"line":14,"column":22},"end":{"line":14,"column":39}},"4":{"start":{"line":15,"column":2},"end":{"line":19,"column":10}}},"fnMap":{"0":{"name":"(anonymous_0)","decl":{"start":{"line":9,"column":7},"end":{"line":9,"column":8}},"loc":{"start":{"line":9,"column":13},"end":{"line":9,"column":21}},"line":9},"1":{"name":"(anonymous_1)","decl":{"start":{"line":10,"column":23},"end":{"line":10,"column":24}},"loc":{"start":{"line":10,"column":42},"end":{"line":10,"column":85}},"line":10},"2":{"name":"App","decl":{"start":{"line":13,"column":9},"end":{"line":13,"column":12}},"loc":{"start":{"line":13,"column":15},"end":{"line":20,"column":1}},"line":13}},"branchMap":{"0":{"loc":{"start":{"line":17,"column":13},"end":{"line":17,"column":43}},"type":"binary-expr","locations":[{"start":{"line":17,"column":13},"end":{"line":17,"column":24}},{"start":{"line":17,"column":28},"end":{"line":17,"column":43}}],"line":17}},"s":{"0":1,"1":1,"2":0,"3":1,"4":1},"f":{"0":1,"1":0,"2":1},"b":{"0":[1,0]},"_coverageSchema":"43e27e138ebf9cfc5966b082cf9a028302ed4184","hash":"fa090d11e745f2ffbc795ce6fd0872640e60a718"}
,"D:\\osr_plcmnt\\Osr2020\\AZ\\2MarchBeforeTestCases\\src\\constants.js": {"path":"D:\\osr_plcmnt\\Osr2020\\AZ\\2MarchBeforeTestCases\\src\\constants.js","statementMap":{"0":{"start":{"line":1,"column":26},"end":{"line":1,"column":42}},"1":{"start":{"line":2,"column":33},"end":{"line":2,"column":52}}},"fnMap":{},"branchMap":{},"s":{"0":3,"1":3},"f":{},"b":{},"_coverageSchema":"43e27e138ebf9cfc5966b082cf9a028302ed4184","hash":"4422980f9c15408bad74de85fa893907039232bd"}
,"D:\\osr_plcmnt\\Osr2020\\AZ\\2MarchBeforeTestCases\\src\\index.js": {"path":"D:\\osr_plcmnt\\Osr2020\\AZ\\2MarchBeforeTestCases\\src\\index.js","statementMap":{"0":{"start":{"line":7,"column":0},"end":{"line":7,"column":58}},"1":{"start":{"line":12,"column":0},"end":{"line":12,"column":27}}},"fnMap":{},"branchMap":{},"s":{"0":0,"1":0},"f":{},"b":{},"hash":"47c1937f6c5cf4f64926b95f69009884cfe5d90c"}
,"D:\\osr_plcmnt\\Osr2020\\AZ\\2MarchBeforeTestCases\\src\\serviceWorker.js": {"path":"D:\\osr_plcmnt\\Osr2020\\AZ\\2MarchBeforeTestCases\\src\\serviceWorker.js","statementMap":{"0":{"start":{"line":13,"column":20},"end":{"line":21,"column":1}},"1":{"start":{"line":24,"column":2},"end":{"line":54,"column":3}},"2":{"start":{"line":26,"column":22},"end":{"line":26,"column":75}},"3":{"start":{"line":27,"column":4},"end":{"line":32,"column":5}},"4":{"start":{"line":31,"column":6},"end":{"line":31,"column":13}},"5":{"start":{"line":34,"column":4},"end":{"line":53,"column":7}},"6":{"start":{"line":35,"column":20},"end":{"line":35,"column":65}},"7":{"start":{"line":37,"column":6},"end":{"line":52,"column":7}},"8":{"start":{"line":39,"column":8},"end":{"line":39,"column":47}},"9":{"start":{"line":43,"column":8},"end":{"line":48,"column":11}},"10":{"start":{"line":44,"column":10},"end":{"line":47,"column":12}},"11":{"start":{"line":51,"column":8},"end":{"line":51,"column":39}},"12":{"start":{"line":58,"column":2},"end":{"line":98,"column":7}},"13":{"start":{"line":61,"column":6},"end":{"line":94,"column":8}},"14":{"start":{"line":62,"column":33},"end":{"line":62,"column":56}},"15":{"start":{"line":63,"column":8},"end":{"line":65,"column":9}},"16":{"start":{"line":64,"column":10},"end":{"line":64,"column":17}},"17":{"start":{"line":66,"column":8},"end":{"line":93,"column":10}},"18":{"start":{"line":67,"column":10},"end":{"line":92,"column":11}},"19":{"start":{"line":68,"column":12},"end":{"line":91,"column":13}},"20":{"start":{"line":72,"column":14},"end":{"line":75,"column":16}},"21":{"start":{"line":78,"column":14},"end":{"line":80,"column":15}},"22":{"start":{"line":79,"column":16},"end":{"line":79,"column":46}},"23":{"start":{"line":85,"column":14},"end":{"line":85,"column":64}},"24":{"start":{"line":88,"column":14},"end":{"line":90,"column":15}},"25":{"start":{"line":89,"column":16},"end":{"line":89,"column":47}},"26":{"start":{"line":97,"column":6},"end":{"line":97,"column":72}},"27":{"start":{"line":103,"column":2},"end":{"line":128,"column":7}},"28":{"start":{"line":108,"column":26},"end":{"line":108,"column":62}},"29":{"start":{"line":109,"column":6},"end":{"line":122,"column":7}},"30":{"start":{"line":114,"column":8},"end":{"line":118,"column":11}},"31":{"start":{"line":115,"column":10},"end":{"line":117,"column":13}},"32":{"start":{"line":116,"column":12},"end":{"line":116,"column":37}},"33":{"start":{"line":121,"column":8},"end":{"line":121,"column":39}},"34":{"start":{"line":125,"column":6},"end":{"line":127,"column":8}},"35":{"start":{"line":132,"column":2},"end":{"line":140,"column":3}},"36":{"start":{"line":133,"column":4},"end":{"line":139,"column":9}},"37":{"start":{"line":135,"column":8},"end":{"line":135,"column":34}},"38":{"start":{"line":138,"column":8},"end":{"line":138,"column":37}}},"fnMap":{"0":{"name":"register","decl":{"start":{"line":23,"column":16},"end":{"line":23,"column":24}},"loc":{"start":{"line":23,"column":33},"end":{"line":55,"column":1}},"line":23},"1":{"name":"(anonymous_1)","decl":{"start":{"line":34,"column":36},"end":{"line":34,"column":37}},"loc":{"start":{"line":34,"column":42},"end":{"line":53,"column":5}},"line":34},"2":{"name":"(anonymous_2)","decl":{"start":{"line":43,"column":43},"end":{"line":43,"column":44}},"loc":{"start":{"line":43,"column":49},"end":{"line":48,"column":9}},"line":43},"3":{"name":"registerValidSW","decl":{"start":{"line":57,"column":9},"end":{"line":57,"column":24}},"loc":{"start":{"line":57,"column":40},"end":{"line":99,"column":1}},"line":57},"4":{"name":"(anonymous_4)","decl":{"start":{"line":60,"column":10},"end":{"line":60,"column":11}},"loc":{"start":{"line":60,"column":26},"end":{"line":95,"column":5}},"line":60},"5":{"name":"(anonymous_5)","decl":{"start":{"line":61,"column":35},"end":{"line":61,"column":36}},"loc":{"start":{"line":61,"column":41},"end":{"line":94,"column":7}},"line":61},"6":{"name":"(anonymous_6)","decl":{"start":{"line":66,"column":41},"end":{"line":66,"column":42}},"loc":{"start":{"line":66,"column":47},"end":{"line":93,"column":9}},"line":66},"7":{"name":"(anonymous_7)","decl":{"start":{"line":96,"column":11},"end":{"line":96,"column":12}},"loc":{"start":{"line":96,"column":20},"end":{"line":98,"column":5}},"line":96},"8":{"name":"checkValidServiceWorker","decl":{"start":{"line":101,"column":9},"end":{"line":101,"column":32}},"loc":{"start":{"line":101,"column":48},"end":{"line":129,"column":1}},"line":101},"9":{"name":"(anonymous_9)","decl":{"start":{"line":106,"column":10},"end":{"line":106,"column":11}},"loc":{"start":{"line":106,"column":22},"end":{"line":123,"column":5}},"line":106},"10":{"name":"(anonymous_10)","decl":{"start":{"line":114,"column":43},"end":{"line":114,"column":44}},"loc":{"start":{"line":114,"column":59},"end":{"line":118,"column":9}},"line":114},"11":{"name":"(anonymous_11)","decl":{"start":{"line":115,"column":41},"end":{"line":115,"column":42}},"loc":{"start":{"line":115,"column":47},"end":{"line":117,"column":11}},"line":115},"12":{"name":"(anonymous_12)","decl":{"start":{"line":124,"column":11},"end":{"line":124,"column":12}},"loc":{"start":{"line":124,"column":17},"end":{"line":128,"column":5}},"line":124},"13":{"name":"unregister","decl":{"start":{"line":131,"column":16},"end":{"line":131,"column":26}},"loc":{"start":{"line":131,"column":29},"end":{"line":141,"column":1}},"line":131},"14":{"name":"(anonymous_14)","decl":{"start":{"line":134,"column":12},"end":{"line":134,"column":13}},"loc":{"start":{"line":134,"column":28},"end":{"line":136,"column":7}},"line":134},"15":{"name":"(anonymous_15)","decl":{"start":{"line":137,"column":13},"end":{"line":137,"column":14}},"loc":{"start":{"line":137,"column":22},"end":{"line":139,"column":7}},"line":137}},"branchMap":{"0":{"loc":{"start":{"line":14,"column":2},"end":{"line":20,"column":5}},"type":"binary-expr","locations":[{"start":{"line":14,"column":2},"end":{"line":14,"column":42}},{"start":{"line":16,"column":4},"end":{"line":16,"column":40}},{"start":{"line":18,"column":4},"end":{"line":20,"column":5}}],"line":14},"1":{"loc":{"start":{"line":24,"column":2},"end":{"line":54,"column":3}},"type":"if","locations":[{"start":{"line":24,"column":2},"end":{"line":54,"column":3}},{"start":{"line":24,"column":2},"end":{"line":54,"column":3}}],"line":24},"2":{"loc":{"start":{"line":24,"column":6},"end":{"line":24,"column":75}},"type":"binary-expr","locations":[{"start":{"line":24,"column":6},"end":{"line":24,"column":43}},{"start":{"line":24,"column":47},"end":{"line":24,"column":75}}],"line":24},"3":{"loc":{"start":{"line":27,"column":4},"end":{"line":32,"column":5}},"type":"if","locations":[{"start":{"line":27,"column":4},"end":{"line":32,"column":5}},{"start":{"line":27,"column":4},"end":{"line":32,"column":5}}],"line":27},"4":{"loc":{"start":{"line":37,"column":6},"end":{"line":52,"column":7}},"type":"if","locations":[{"start":{"line":37,"column":6},"end":{"line":52,"column":7}},{"start":{"line":37,"column":6},"end":{"line":52,"column":7}}],"line":37},"5":{"loc":{"start":{"line":63,"column":8},"end":{"line":65,"column":9}},"type":"if","locations":[{"start":{"line":63,"column":8},"end":{"line":65,"column":9}},{"start":{"line":63,"column":8},"end":{"line":65,"column":9}}],"line":63},"6":{"loc":{"start":{"line":67,"column":10},"end":{"line":92,"column":11}},"type":"if","locations":[{"start":{"line":67,"column":10},"end":{"line":92,"column":11}},{"start":{"line":67,"column":10},"end":{"line":92,"column":11}}],"line":67},"7":{"loc":{"start":{"line":68,"column":12},"end":{"line":91,"column":13}},"type":"if","locations":[{"start":{"line":68,"column":12},"end":{"line":91,"column":13}},{"start":{"line":68,"column":12},"end":{"line":91,"column":13}}],"line":68},"8":{"loc":{"start":{"line":78,"column":14},"end":{"line":80,"column":15}},"type":"if","locations":[{"start":{"line":78,"column":14},"end":{"line":80,"column":15}},{"start":{"line":78,"column":14},"end":{"line":80,"column":15}}],"line":78},"9":{"loc":{"start":{"line":78,"column":18},"end":{"line":78,"column":43}},"type":"binary-expr","locations":[{"start":{"line":78,"column":18},"end":{"line":78,"column":24}},{"start":{"line":78,"column":28},"end":{"line":78,"column":43}}],"line":78},"10":{"loc":{"start":{"line":88,"column":14},"end":{"line":90,"column":15}},"type":"if","locations":[{"start":{"line":88,"column":14},"end":{"line":90,"column":15}},{"start":{"line":88,"column":14},"end":{"line":90,"column":15}}],"line":88},"11":{"loc":{"start":{"line":88,"column":18},"end":{"line":88,"column":44}},"type":"binary-expr","locations":[{"start":{"line":88,"column":18},"end":{"line":88,"column":24}},{"start":{"line":88,"column":28},"end":{"line":88,"column":44}}],"line":88},"12":{"loc":{"start":{"line":109,"column":6},"end":{"line":122,"column":7}},"type":"if","locations":[{"start":{"line":109,"column":6},"end":{"line":122,"column":7}},{"start":{"line":109,"column":6},"end":{"line":122,"column":7}}],"line":109},"13":{"loc":{"start":{"line":110,"column":8},"end":{"line":111,"column":73}},"type":"binary-expr","locations":[{"start":{"line":110,"column":8},"end":{"line":110,"column":31}},{"start":{"line":111,"column":9},"end":{"line":111,"column":28}},{"start":{"line":111,"column":32},"end":{"line":111,"column":72}}],"line":110},"14":{"loc":{"start":{"line":132,"column":2},"end":{"line":140,"column":3}},"type":"if","locations":[{"start":{"line":132,"column":2},"end":{"line":140,"column":3}},{"start":{"line":132,"column":2},"end":{"line":140,"column":3}}],"line":132}},"s":{"0":0,"1":0,"2":0,"3":0,"4":0,"5":0,"6":0,"7":0,"8":0,"9":0,"10":0,"11":0,"12":0,"13":0,"14":0,"15":0,"16":0,"17":0,"18":0,"19":0,"20":0,"21":0,"22":0,"23":0,"24":0,"25":0,"26":0,"27":0,"28":0,"29":0,"30":0,"31":0,"32":0,"33":0,"34":0,"35":0,"36":0,"37":0,"38":0},"f":{"0":0,"1":0,"2":0,"3":0,"4":0,"5":0,"6":0,"7":0,"8":0,"9":0,"10":0,"11":0,"12":0,"13":0,"14":0,"15":0},"b":{"0":[0,0,0],"1":[0,0],"2":[0,0],"3":[0,0],"4":[0,0],"5":[0,0],"6":[0,0],"7":[0,0],"8":[0,0],"9":[0,0],"10":[0,0],"11":[0,0],"12":[0,0],"13":[0,0,0],"14":[0,0]},"hash":"0070b185e57bb6d959b134f8b73745c47dba9fab"}
,"D:\\osr_plcmnt\\Osr2020\\AZ\\2MarchBeforeTestCases\\src\\utils.js": {"path":"D:\\osr_plcmnt\\Osr2020\\AZ\\2MarchBeforeTestCases\\src\\utils.js","statementMap":{"0":{"start":{"line":3,"column":26},"end":{"line":8,"column":1}},"1":{"start":{"line":4,"column":15},"end":{"line":4,"column":121}},"2":{"start":{"line":5,"column":15},"end":{"line":5,"column":93}},"3":{"start":{"line":6,"column":16},"end":{"line":6,"column":66}},"4":{"start":{"line":7,"column":1},"end":{"line":7,"column":47}}},"fnMap":{"0":{"name":"(anonymous_0)","decl":{"start":{"line":3,"column":26},"end":{"line":3,"column":27}},"loc":{"start":{"line":3,"column":38},"end":{"line":8,"column":1}},"line":3}},"branchMap":{"0":{"loc":{"start":{"line":4,"column":15},"end":{"line":4,"column":121}},"type":"cond-expr","locations":[{"start":{"line":4,"column":69},"end":{"line":4,"column":71}},{"start":{"line":4,"column":73},"end":{"line":4,"column":121}}],"line":4},"1":{"loc":{"start":{"line":5,"column":15},"end":{"line":5,"column":93}},"type":"cond-expr","locations":[{"start":{"line":5,"column":55},"end":{"line":5,"column":57}},{"start":{"line":5,"column":59},"end":{"line":5,"column":93}}],"line":5},"2":{"loc":{"start":{"line":6,"column":16},"end":{"line":6,"column":66}},"type":"cond-expr","locations":[{"start":{"line":6,"column":31},"end":{"line":6,"column":55}},{"start":{"line":6,"column":57},"end":{"line":6,"column":66}}],"line":6}},"s":{"0":2,"1":7,"2":7,"3":7,"4":7},"f":{"0":7},"b":{"0":[7,0],"1":[7,0],"2":[6,1]},"_coverageSchema":"43e27e138ebf9cfc5966b082cf9a028302ed4184","hash":"3cf194f46b9bb01a2b7290d04ed643a83f59d7e3"}
,"D:\\osr_plcmnt\\Osr2020\\AZ\\2MarchBeforeTestCases\\src\\components\\car\\CarDetails.js": {"path":"D:\\osr_plcmnt\\Osr2020\\AZ\\2MarchBeforeTestCases\\src\\components\\car\\CarDetails.js","statementMap":{"0":{"start":{"line":8,"column":19},"end":{"line":68,"column":1}},"1":{"start":{"line":9,"column":39},"end":{"line":9,"column":51}},"2":{"start":{"line":11,"column":1},"end":{"line":16,"column":19}},"3":{"start":{"line":12,"column":2},"end":{"line":15,"column":5}},"4":{"start":{"line":13,"column":19},"end":{"line":13,"column":23}},"5":{"start":{"line":14,"column":3},"end":{"line":14,"column":22}},"6":{"start":{"line":18,"column":21},"end":{"line":18,"column":52}},"7":{"start":{"line":18,"column":32},"end":{"line":18,"column":52}},"8":{"start":{"line":20,"column":1},"end":{"line":67,"column":16}},"9":{"start":{"line":61,"column":65},"end":{"line":61,"column":88}}},"fnMap":{"0":{"name":"(anonymous_0)","decl":{"start":{"line":8,"column":19},"end":{"line":8,"column":20}},"loc":{"start":{"line":8,"column":40},"end":{"line":68,"column":1}},"line":8},"1":{"name":"(anonymous_1)","decl":{"start":{"line":11,"column":11},"end":{"line":11,"column":12}},"loc":{"start":{"line":11,"column":17},"end":{"line":16,"column":2}},"line":11},"2":{"name":"(anonymous_2)","decl":{"start":{"line":12,"column":35},"end":{"line":12,"column":36}},"loc":{"start":{"line":12,"column":49},"end":{"line":15,"column":3}},"line":12},"3":{"name":"(anonymous_3)","decl":{"start":{"line":18,"column":21},"end":{"line":18,"column":22}},"loc":{"start":{"line":18,"column":32},"end":{"line":18,"column":52}},"line":18},"4":{"name":"(anonymous_4)","decl":{"start":{"line":61,"column":59},"end":{"line":61,"column":60}},"loc":{"start":{"line":61,"column":65},"end":{"line":61,"column":88}},"line":61}},"branchMap":{"0":{"loc":{"start":{"line":26,"column":24},"end":{"line":26,"column":59}},"type":"binary-expr","locations":[{"start":{"line":26,"column":24},"end":{"line":26,"column":34}},{"start":{"line":26,"column":38},"end":{"line":26,"column":59}}],"line":26},"1":{"loc":{"start":{"line":26,"column":66},"end":{"line":26,"column":100}},"type":"binary-expr","locations":[{"start":{"line":26,"column":66},"end":{"line":26,"column":76}},{"start":{"line":26,"column":80},"end":{"line":26,"column":100}}],"line":26},"2":{"loc":{"start":{"line":34,"column":17},"end":{"line":34,"column":51}},"type":"binary-expr","locations":[{"start":{"line":34,"column":17},"end":{"line":34,"column":27}},{"start":{"line":34,"column":31},"end":{"line":34,"column":51}}],"line":34},"3":{"loc":{"start":{"line":40,"column":18},"end":{"line":40,"column":54}},"type":"binary-expr","locations":[{"start":{"line":40,"column":18},"end":{"line":40,"column":28}},{"start":{"line":40,"column":32},"end":{"line":40,"column":54}}],"line":40},"4":{"loc":{"start":{"line":41,"column":18},"end":{"line":41,"column":161}},"type":"cond-expr","locations":[{"start":{"line":41,"column":53},"end":{"line":41,"column":152}},{"start":{"line":41,"column":155},"end":{"line":41,"column":161}}],"line":41},"5":{"loc":{"start":{"line":41,"column":18},"end":{"line":41,"column":50}},"type":"binary-expr","locations":[{"start":{"line":41,"column":18},"end":{"line":41,"column":28}},{"start":{"line":41,"column":32},"end":{"line":41,"column":50}}],"line":41},"6":{"loc":{"start":{"line":41,"column":56},"end":{"line":41,"column":95}},"type":"binary-expr","locations":[{"start":{"line":41,"column":56},"end":{"line":41,"column":66}},{"start":{"line":41,"column":70},"end":{"line":41,"column":95}}],"line":41},"7":{"loc":{"start":{"line":41,"column":99},"end":{"line":41,"column":150}},"type":"binary-expr","locations":[{"start":{"line":41,"column":99},"end":{"line":41,"column":109}},{"start":{"line":41,"column":113},"end":{"line":41,"column":150}}],"line":41},"8":{"loc":{"start":{"line":42,"column":18},"end":{"line":42,"column":51}},"type":"binary-expr","locations":[{"start":{"line":42,"column":18},"end":{"line":42,"column":28}},{"start":{"line":42,"column":32},"end":{"line":42,"column":51}}],"line":42},"9":{"loc":{"start":{"line":43,"column":18},"end":{"line":43,"column":48}},"type":"binary-expr","locations":[{"start":{"line":43,"column":18},"end":{"line":43,"column":28}},{"start":{"line":43,"column":32},"end":{"line":43,"column":48}}],"line":43}},"s":{"0":2,"1":6,"2":6,"3":3,"4":3,"5":3,"6":6,"7":0,"8":6,"9":0},"f":{"0":6,"1":3,"2":3,"3":0,"4":0},"b":{"0":[6,6],"1":[6,6],"2":[6,6],"3":[6,6],"4":[3,3],"5":[6,6],"6":[3,3],"7":[3,3],"8":[6,6],"9":[6,6]},"_coverageSchema":"43e27e138ebf9cfc5966b082cf9a028302ed4184","hash":"829efa66a539b1fed4298466d30cec843e159135"}
,"D:\\osr_plcmnt\\Osr2020\\AZ\\2MarchBeforeTestCases\\src\\components\\car\\CarItem.js": {"path":"D:\\osr_plcmnt\\Osr2020\\AZ\\2MarchBeforeTestCases\\src\\components\\car\\CarItem.js","statementMap":{"0":{"start":{"line":4,"column":16},"end":{"line":28,"column":1}},"1":{"start":{"line":5,"column":18},"end":{"line":9,"column":29}},"2":{"start":{"line":10,"column":24},"end":{"line":10,"column":51}},"3":{"start":{"line":11,"column":4},"end":{"line":27,"column":19}}},"fnMap":{"0":{"name":"(anonymous_0)","decl":{"start":{"line":4,"column":16},"end":{"line":4,"column":17}},"loc":{"start":{"line":4,"column":27},"end":{"line":28,"column":1}},"line":4}},"branchMap":{},"s":{"0":4,"1":13,"2":13,"3":13},"f":{"0":13},"b":{},"_coverageSchema":"43e27e138ebf9cfc5966b082cf9a028302ed4184","hash":"b1cdd779aac22dda79950098e8b5ef4c29908b24"}
,"D:\\osr_plcmnt\\Osr2020\\AZ\\2MarchBeforeTestCases\\src\\components\\car\\CarsLanding.js": {"path":"D:\\osr_plcmnt\\Osr2020\\AZ\\2MarchBeforeTestCases\\src\\components\\car\\CarsLanding.js","statementMap":{"0":{"start":{"line":6,"column":20},"end":{"line":23,"column":1}},"1":{"start":{"line":7,"column":34},"end":{"line":7,"column":39}},"2":{"start":{"line":9,"column":23},"end":{"line":9,"column":105}},"3":{"start":{"line":11,"column":1},"end":{"line":22,"column":10}},"4":{"start":{"line":18,"column":30},"end":{"line":18,"column":74}}},"fnMap":{"0":{"name":"(anonymous_0)","decl":{"start":{"line":6,"column":20},"end":{"line":6,"column":21}},"loc":{"start":{"line":6,"column":29},"end":{"line":23,"column":1}},"line":6},"1":{"name":"(anonymous_1)","decl":{"start":{"line":18,"column":22},"end":{"line":18,"column":23}},"loc":{"start":{"line":18,"column":30},"end":{"line":18,"column":74}},"line":18}},"branchMap":{"0":{"loc":{"start":{"line":9,"column":34},"end":{"line":9,"column":74}},"type":"cond-expr","locations":[{"start":{"line":9,"column":56},"end":{"line":9,"column":58}},{"start":{"line":9,"column":60},"end":{"line":9,"column":74}}],"line":9},"1":{"loc":{"start":{"line":18,"column":5},"end":{"line":18,"column":75}},"type":"binary-expr","locations":[{"start":{"line":18,"column":5},"end":{"line":18,"column":9}},{"start":{"line":18,"column":13},"end":{"line":18,"column":75}}],"line":18}},"s":{"0":3,"1":15,"2":15,"3":15,"4":10},"f":{"0":15,"1":10},"b":{"0":[0,15],"1":[15,12]},"_coverageSchema":"43e27e138ebf9cfc5966b082cf9a028302ed4184","hash":"1ea7e2626653eb47c12bb6d51c8b4c870eb60443"}
,"D:\\osr_plcmnt\\Osr2020\\AZ\\2MarchBeforeTestCases\\src\\components\\common\\Footer.js": {"path":"D:\\osr_plcmnt\\Osr2020\\AZ\\2MarchBeforeTestCases\\src\\components\\common\\Footer.js","statementMap":{"0":{"start":{"line":4,"column":15},"end":{"line":8,"column":1}},"1":{"start":{"line":5,"column":2},"end":{"line":7,"column":11}}},"fnMap":{"0":{"name":"(anonymous_0)","decl":{"start":{"line":4,"column":15},"end":{"line":4,"column":16}},"loc":{"start":{"line":5,"column":2},"end":{"line":7,"column":11}},"line":5}},"branchMap":{},"s":{"0":5,"1":24},"f":{"0":24},"b":{},"_coverageSchema":"43e27e138ebf9cfc5966b082cf9a028302ed4184","hash":"20aac17687c3e0c12d46e8440b40c05c4c9259a5"}
,"D:\\osr_plcmnt\\Osr2020\\AZ\\2MarchBeforeTestCases\\src\\components\\common\\NotFound404.js": {"path":"D:\\osr_plcmnt\\Osr2020\\AZ\\2MarchBeforeTestCases\\src\\components\\common\\NotFound404.js","statementMap":{"0":{"start":{"line":7,"column":20},"end":{"line":34,"column":1}},"1":{"start":{"line":8,"column":2},"end":{"line":33,"column":13}}},"fnMap":{"0":{"name":"(anonymous_0)","decl":{"start":{"line":7,"column":20},"end":{"line":7,"column":21}},"loc":{"start":{"line":8,"column":2},"end":{"line":33,"column":13}},"line":8}},"branchMap":{},"s":{"0":2,"1":3},"f":{"0":3},"b":{},"_coverageSchema":"43e27e138ebf9cfc5966b082cf9a028302ed4184","hash":"78d600cdb478bed2b39edb495eb63934f0117c92"}
,"D:\\osr_plcmnt\\Osr2020\\AZ\\2MarchBeforeTestCases\\src\\components\\common\\Pagination.js": {"path":"D:\\osr_plcmnt\\Osr2020\\AZ\\2MarchBeforeTestCases\\src\\components\\common\\Pagination.js","statementMap":{"0":{"start":{"line":4,"column":19},"end":{"line":50,"column":1}},"1":{"start":{"line":5,"column":59},"end":{"line":5,"column":64}},"2":{"start":{"line":7,"column":24},"end":{"line":13,"column":2}},"3":{"start":{"line":8,"column":2},"end":{"line":12,"column":6}},"4":{"start":{"line":9,"column":7},"end":{"line":9,"column":41}},"5":{"start":{"line":11,"column":7},"end":{"line":11,"column":24}},"6":{"start":{"line":15,"column":24},"end":{"line":21,"column":2}},"7":{"start":{"line":16,"column":2},"end":{"line":20,"column":6}},"8":{"start":{"line":17,"column":7},"end":{"line":17,"column":38}},"9":{"start":{"line":19,"column":7},"end":{"line":19,"column":41}},"10":{"start":{"line":23,"column":1},"end":{"line":49,"column":14}},"11":{"start":{"line":27,"column":27},"end":{"line":27,"column":44}},"12":{"start":{"line":32,"column":27},"end":{"line":32,"column":43}},"13":{"start":{"line":42,"column":27},"end":{"line":42,"column":43}},"14":{"start":{"line":47,"column":27},"end":{"line":47,"column":57}}},"fnMap":{"0":{"name":"(anonymous_0)","decl":{"start":{"line":4,"column":19},"end":{"line":4,"column":20}},"loc":{"start":{"line":4,"column":28},"end":{"line":50,"column":1}},"line":4},"1":{"name":"(anonymous_1)","decl":{"start":{"line":7,"column":24},"end":{"line":7,"column":25}},"loc":{"start":{"line":7,"column":30},"end":{"line":13,"column":2}},"line":7},"2":{"name":"(anonymous_2)","decl":{"start":{"line":15,"column":24},"end":{"line":15,"column":25}},"loc":{"start":{"line":15,"column":30},"end":{"line":21,"column":2}},"line":15},"3":{"name":"(anonymous_3)","decl":{"start":{"line":27,"column":21},"end":{"line":27,"column":22}},"loc":{"start":{"line":27,"column":27},"end":{"line":27,"column":44}},"line":27},"4":{"name":"(anonymous_4)","decl":{"start":{"line":32,"column":21},"end":{"line":32,"column":22}},"loc":{"start":{"line":32,"column":27},"end":{"line":32,"column":43}},"line":32},"5":{"name":"(anonymous_5)","decl":{"start":{"line":42,"column":21},"end":{"line":42,"column":22}},"loc":{"start":{"line":42,"column":27},"end":{"line":42,"column":43}},"line":42},"6":{"name":"(anonymous_6)","decl":{"start":{"line":47,"column":21},"end":{"line":47,"column":22}},"loc":{"start":{"line":47,"column":27},"end":{"line":47,"column":57}},"line":47}},"branchMap":{"0":{"loc":{"start":{"line":8,"column":2},"end":{"line":12,"column":6}},"type":"if","locations":[{"start":{"line":8,"column":2},"end":{"line":12,"column":6}},{"start":{"line":8,"column":2},"end":{"line":12,"column":6}}],"line":8},"1":{"loc":{"start":{"line":16,"column":2},"end":{"line":20,"column":6}},"type":"if","locations":[{"start":{"line":16,"column":2},"end":{"line":20,"column":6}},{"start":{"line":16,"column":2},"end":{"line":20,"column":6}}],"line":16}},"s":{"0":4,"1":24,"2":24,"3":3,"4":2,"5":1,"6":24,"7":3,"8":1,"9":2,"10":24,"11":0,"12":3,"13":3,"14":0},"f":{"0":24,"1":3,"2":3,"3":0,"4":3,"5":3,"6":0},"b":{"0":[2,1],"1":[1,2]},"_coverageSchema":"43e27e138ebf9cfc5966b082cf9a028302ed4184","hash":"b7f5a250ce8d91c4219d92fef4b4bcaeaf755339"}
,"D:\\osr_plcmnt\\Osr2020\\AZ\\2MarchBeforeTestCases\\src\\components\\common\\TopHeader.js": {"path":"D:\\osr_plcmnt\\Osr2020\\AZ\\2MarchBeforeTestCases\\src\\components\\common\\TopHeader.js","statementMap":{"0":{"start":{"line":5,"column":18},"end":{"line":19,"column":1}},"1":{"start":{"line":6,"column":2},"end":{"line":18,"column":11}}},"fnMap":{"0":{"name":"(anonymous_0)","decl":{"start":{"line":5,"column":18},"end":{"line":5,"column":19}},"loc":{"start":{"line":6,"column":2},"end":{"line":18,"column":11}},"line":6}},"branchMap":{},"s":{"0":5,"1":24},"f":{"0":24},"b":{},"_coverageSchema":"43e27e138ebf9cfc5966b082cf9a028302ed4184","hash":"29cd964cd1843f4fcdb7f43478556565c3b92f26"}
,"D:\\osr_plcmnt\\Osr2020\\AZ\\2MarchBeforeTestCases\\src\\components\\filter\\Filter.js": {"path":"D:\\osr_plcmnt\\Osr2020\\AZ\\2MarchBeforeTestCases\\src\\components\\filter\\Filter.js","statementMap":{"0":{"start":{"line":7,"column":23},"end":{"line":24,"column":1}},"1":{"start":{"line":8,"column":1},"end":{"line":23,"column":12}},"2":{"start":{"line":14,"column":64},"end":{"line":20,"column":34}},"3":{"start":{"line":17,"column":35},"end":{"line":17,"column":76}},"4":{"start":{"line":26,"column":15},"end":{"line":58,"column":1}},"5":{"start":{"line":27,"column":49},"end":{"line":27,"column":54}},"6":{"start":{"line":28,"column":27},"end":{"line":28,"column":107}},"7":{"start":{"line":29,"column":19},"end":{"line":31,"column":2}},"8":{"start":{"line":30,"column":2},"end":{"line":30,"column":36}},"9":{"start":{"line":32,"column":21},"end":{"line":32,"column":27}},"10":{"start":{"line":33,"column":13},"end":{"line":33,"column":65}},"11":{"start":{"line":33,"column":60},"end":{"line":33,"column":64}},"12":{"start":{"line":34,"column":1},"end":{"line":34,"column":45}},"13":{"start":{"line":35,"column":1},"end":{"line":35,"column":59}},"14":{"start":{"line":37,"column":1},"end":{"line":57,"column":14}},"15":{"start":{"line":55,"column":75},"end":{"line":55,"column":94}}},"fnMap":{"0":{"name":"(anonymous_0)","decl":{"start":{"line":7,"column":23},"end":{"line":7,"column":24}},"loc":{"start":{"line":8,"column":1},"end":{"line":23,"column":12}},"line":8},"1":{"name":"(anonymous_1)","decl":{"start":{"line":14,"column":56},"end":{"line":14,"column":57}},"loc":{"start":{"line":14,"column":64},"end":{"line":20,"column":34}},"line":14},"2":{"name":"(anonymous_2)","decl":{"start":{"line":17,"column":29},"end":{"line":17,"column":30}},"loc":{"start":{"line":17,"column":35},"end":{"line":17,"column":76}},"line":17},"3":{"name":"(anonymous_3)","decl":{"start":{"line":26,"column":15},"end":{"line":26,"column":16}},"loc":{"start":{"line":26,"column":24},"end":{"line":58,"column":1}},"line":26},"4":{"name":"(anonymous_4)","decl":{"start":{"line":29,"column":19},"end":{"line":29,"column":20}},"loc":{"start":{"line":29,"column":35},"end":{"line":31,"column":2}},"line":29},"5":{"name":"(anonymous_5)","decl":{"start":{"line":33,"column":48},"end":{"line":33,"column":49}},"loc":{"start":{"line":33,"column":60},"end":{"line":33,"column":64}},"line":33},"6":{"name":"(anonymous_6)","decl":{"start":{"line":55,"column":69},"end":{"line":55,"column":70}},"loc":{"start":{"line":55,"column":75},"end":{"line":55,"column":94}},"line":55}},"branchMap":{"0":{"loc":{"start":{"line":14,"column":4},"end":{"line":20,"column":35}},"type":"binary-expr","locations":[{"start":{"line":14,"column":4},"end":{"line":14,"column":13}},{"start":{"line":14,"column":17},"end":{"line":14,"column":32}},{"start":{"line":14,"column":36},"end":{"line":20,"column":35}}],"line":14},"1":{"loc":{"start":{"line":33,"column":13},"end":{"line":33,"column":65}},"type":"binary-expr","locations":[{"start":{"line":33,"column":13},"end":{"line":33,"column":26}},{"start":{"line":33,"column":30},"end":{"line":33,"column":65}}],"line":33},"2":{"loc":{"start":{"line":34,"column":1},"end":{"line":34,"column":44}},"type":"binary-expr","locations":[{"start":{"line":34,"column":1},"end":{"line":34,"column":6}},{"start":{"line":34,"column":10},"end":{"line":34,"column":44}}],"line":34},"3":{"loc":{"start":{"line":35,"column":1},"end":{"line":35,"column":58}},"type":"binary-expr","locations":[{"start":{"line":35,"column":1},"end":{"line":35,"column":14}},{"start":{"line":35,"column":19},"end":{"line":35,"column":58}}],"line":35}},"s":{"0":3,"1":30,"2":65,"3":0,"4":3,"5":15,"6":15,"7":15,"8":0,"9":15,"10":15,"11":12,"12":15,"13":15,"14":15,"15":1},"f":{"0":30,"1":65,"2":0,"3":15,"4":0,"5":12,"6":1},"b":{"0":[30,30,22],"1":[15,11],"2":[15,11],"3":[15,11]},"_coverageSchema":"43e27e138ebf9cfc5966b082cf9a028302ed4184","hash":"c07eaaed7b9248918c44fcba8a5956fd790bd579"}
,"D:\\osr_plcmnt\\Osr2020\\AZ\\2MarchBeforeTestCases\\src\\components\\home\\Home.js": {"path":"D:\\osr_plcmnt\\Osr2020\\AZ\\2MarchBeforeTestCases\\src\\components\\home\\Home.js","statementMap":{"0":{"start":{"line":11,"column":13},"end":{"line":60,"column":1}},"1":{"start":{"line":12,"column":27},"end":{"line":12,"column":203}},"2":{"start":{"line":14,"column":1},"end":{"line":23,"column":8}},"3":{"start":{"line":15,"column":15},"end":{"line":15,"column":105}},"4":{"start":{"line":16,"column":2},"end":{"line":21,"column":5}},"5":{"start":{"line":17,"column":29},"end":{"line":17,"column":38}},"6":{"start":{"line":18,"column":31},"end":{"line":18,"column":40}},"7":{"start":{"line":19,"column":38},"end":{"line":19,"column":47}},"8":{"start":{"line":20,"column":3},"end":{"line":20,"column":152}},"9":{"start":{"line":25,"column":22},"end":{"line":30,"column":2}},"10":{"start":{"line":26,"column":15},"end":{"line":26,"column":123}},"11":{"start":{"line":27,"column":3},"end":{"line":29,"column":6}},"12":{"start":{"line":28,"column":4},"end":{"line":28,"column":131}},"13":{"start":{"line":32,"column":24},"end":{"line":37,"column":2}},"14":{"start":{"line":33,"column":15},"end":{"line":33,"column":131}},"15":{"start":{"line":34,"column":3},"end":{"line":36,"column":6}},"16":{"start":{"line":35,"column":4},"end":{"line":35,"column":61}},"17":{"start":{"line":40,"column":1},"end":{"line":59,"column":2}}},"fnMap":{"0":{"name":"(anonymous_0)","decl":{"start":{"line":11,"column":13},"end":{"line":11,"column":14}},"loc":{"start":{"line":11,"column":20},"end":{"line":60,"column":1}},"line":11},"1":{"name":"(anonymous_1)","decl":{"start":{"line":14,"column":11},"end":{"line":14,"column":12}},"loc":{"start":{"line":14,"column":17},"end":{"line":23,"column":2}},"line":14},"2":{"name":"(anonymous_2)","decl":{"start":{"line":16,"column":69},"end":{"line":16,"column":70}},"loc":{"start":{"line":16,"column":79},"end":{"line":21,"column":3}},"line":16},"3":{"name":"(anonymous_3)","decl":{"start":{"line":25,"column":22},"end":{"line":25,"column":23}},"loc":{"start":{"line":25,"column":36},"end":{"line":30,"column":2}},"line":25},"4":{"name":"(anonymous_4)","decl":{"start":{"line":27,"column":22},"end":{"line":27,"column":23}},"loc":{"start":{"line":27,"column":34},"end":{"line":29,"column":4}},"line":27},"5":{"name":"(anonymous_5)","decl":{"start":{"line":32,"column":24},"end":{"line":32,"column":25}},"loc":{"start":{"line":32,"column":36},"end":{"line":37,"column":2}},"line":32},"6":{"name":"(anonymous_6)","decl":{"start":{"line":34,"column":22},"end":{"line":34,"column":23}},"loc":{"start":{"line":34,"column":34},"end":{"line":36,"column":4}},"line":34}},"branchMap":{},"s":{"0":2,"1":12,"2":12,"3":6,"4":6,"5":5,"6":5,"7":5,"8":5,"9":12,"10":1,"11":1,"12":1,"13":12,"14":0,"15":0,"16":0,"17":12},"f":{"0":12,"1":6,"2":5,"3":1,"4":1,"5":0,"6":0},"b":{},"_coverageSchema":"43e27e138ebf9cfc5966b082cf9a028302ed4184","hash":"8d7c7c6564b033fcbeba8346884c060a9522b246"}
,"D:\\osr_plcmnt\\Osr2020\\AZ\\2MarchBeforeTestCases\\src\\helper\\Service.js": {"path":"D:\\osr_plcmnt\\Osr2020\\AZ\\2MarchBeforeTestCases\\src\\helper\\Service.js","statementMap":{"0":{"start":{"line":3,"column":23},"end":{"line":11,"column":1}},"1":{"start":{"line":4,"column":1},"end":{"line":10,"column":4}},"2":{"start":{"line":5,"column":2},"end":{"line":9,"column":6}},"3":{"start":{"line":6,"column":17},"end":{"line":6,"column":26}},"4":{"start":{"line":8,"column":4},"end":{"line":8,"column":13}},"5":{"start":{"line":13,"column":25},"end":{"line":21,"column":1}},"6":{"start":{"line":14,"column":1},"end":{"line":20,"column":4}},"7":{"start":{"line":15,"column":2},"end":{"line":19,"column":6}},"8":{"start":{"line":16,"column":17},"end":{"line":16,"column":26}},"9":{"start":{"line":18,"column":4},"end":{"line":18,"column":13}},"10":{"start":{"line":23,"column":32},"end":{"line":31,"column":1}},"11":{"start":{"line":24,"column":1},"end":{"line":30,"column":4}},"12":{"start":{"line":25,"column":2},"end":{"line":29,"column":6}},"13":{"start":{"line":26,"column":17},"end":{"line":26,"column":26}},"14":{"start":{"line":28,"column":4},"end":{"line":28,"column":13}},"15":{"start":{"line":34,"column":29},"end":{"line":42,"column":1}},"16":{"start":{"line":35,"column":1},"end":{"line":41,"column":4}},"17":{"start":{"line":36,"column":2},"end":{"line":40,"column":6}},"18":{"start":{"line":37,"column":17},"end":{"line":37,"column":26}},"19":{"start":{"line":39,"column":4},"end":{"line":39,"column":13}}},"fnMap":{"0":{"name":"(anonymous_0)","decl":{"start":{"line":3,"column":23},"end":{"line":3,"column":24}},"loc":{"start":{"line":3,"column":31},"end":{"line":11,"column":1}},"line":3},"1":{"name":"(anonymous_1)","decl":{"start":{"line":4,"column":20},"end":{"line":4,"column":21}},"loc":{"start":{"line":4,"column":34},"end":{"line":10,"column":2}},"line":4},"2":{"name":"(anonymous_2)","decl":{"start":{"line":6,"column":9},"end":{"line":6,"column":10}},"loc":{"start":{"line":6,"column":17},"end":{"line":6,"column":26}},"line":6},"3":{"name":"(anonymous_3)","decl":{"start":{"line":7,"column":10},"end":{"line":7,"column":11}},"loc":{"start":{"line":7,"column":17},"end":{"line":9,"column":4}},"line":7},"4":{"name":"(anonymous_4)","decl":{"start":{"line":13,"column":25},"end":{"line":13,"column":26}},"loc":{"start":{"line":13,"column":33},"end":{"line":21,"column":1}},"line":13},"5":{"name":"(anonymous_5)","decl":{"start":{"line":14,"column":20},"end":{"line":14,"column":21}},"loc":{"start":{"line":14,"column":34},"end":{"line":20,"column":2}},"line":14},"6":{"name":"(anonymous_6)","decl":{"start":{"line":16,"column":9},"end":{"line":16,"column":10}},"loc":{"start":{"line":16,"column":17},"end":{"line":16,"column":26}},"line":16},"7":{"name":"(anonymous_7)","decl":{"start":{"line":17,"column":10},"end":{"line":17,"column":11}},"loc":{"start":{"line":17,"column":17},"end":{"line":19,"column":4}},"line":17},"8":{"name":"(anonymous_8)","decl":{"start":{"line":23,"column":32},"end":{"line":23,"column":33}},"loc":{"start":{"line":23,"column":40},"end":{"line":31,"column":1}},"line":23},"9":{"name":"(anonymous_9)","decl":{"start":{"line":24,"column":20},"end":{"line":24,"column":21}},"loc":{"start":{"line":24,"column":34},"end":{"line":30,"column":2}},"line":24},"10":{"name":"(anonymous_10)","decl":{"start":{"line":26,"column":9},"end":{"line":26,"column":10}},"loc":{"start":{"line":26,"column":17},"end":{"line":26,"column":26}},"line":26},"11":{"name":"(anonymous_11)","decl":{"start":{"line":27,"column":10},"end":{"line":27,"column":11}},"loc":{"start":{"line":27,"column":17},"end":{"line":29,"column":4}},"line":27},"12":{"name":"(anonymous_12)","decl":{"start":{"line":34,"column":29},"end":{"line":34,"column":30}},"loc":{"start":{"line":34,"column":44},"end":{"line":42,"column":1}},"line":34},"13":{"name":"(anonymous_13)","decl":{"start":{"line":35,"column":20},"end":{"line":35,"column":21}},"loc":{"start":{"line":35,"column":34},"end":{"line":41,"column":2}},"line":35},"14":{"name":"(anonymous_14)","decl":{"start":{"line":37,"column":9},"end":{"line":37,"column":10}},"loc":{"start":{"line":37,"column":17},"end":{"line":37,"column":26}},"line":37},"15":{"name":"(anonymous_15)","decl":{"start":{"line":38,"column":10},"end":{"line":38,"column":11}},"loc":{"start":{"line":38,"column":17},"end":{"line":40,"column":4}},"line":38}},"branchMap":{"0":{"loc":{"start":{"line":5,"column":70},"end":{"line":5,"column":85}},"type":"cond-expr","locations":[{"start":{"line":5,"column":77},"end":{"line":5,"column":81}},{"start":{"line":5,"column":83},"end":{"line":5,"column":85}}],"line":5}},"s":{"0":2,"1":3,"2":3,"3":1,"4":1,"5":2,"6":3,"7":3,"8":1,"9":1,"10":2,"11":3,"12":3,"13":1,"14":1,"15":2,"16":2,"17":2,"18":1,"19":1},"f":{"0":3,"1":3,"2":1,"3":1,"4":3,"5":3,"6":1,"7":1,"8":3,"9":3,"10":1,"11":1,"12":2,"13":2,"14":1,"15":1},"b":{"0":[1,2]},"_coverageSchema":"43e27e138ebf9cfc5966b082cf9a028302ed4184","hash":"c14b075e0298057b5fbd69f28a51d491aa831299"}
}
