TN:
SF:D:\osr_plcmnt\Osr2020\AZ\2MarchBeforeTestCases\src\App.js
FN:9,(anonymous_0)
FN:10,(anonymous_1)
FN:13,App
FNF:3
FNH:2
FNDA:1,(anonymous_0)
FNDA:0,(anonymous_1)
FNDA:1,App
DA:8,1
DA:9,1
DA:10,0
DA:14,1
DA:15,1
LF:5
LH:4
BRDA:17,0,0,1
BRDA:17,0,1,0
BRF:2
BRH:1
end_of_record
TN:
SF:D:\osr_plcmnt\Osr2020\AZ\2MarchBeforeTestCases\src\constants.js
FNF:0
FNH:0
DA:1,3
DA:2,3
LF:2
LH:2
BRF:0
BRH:0
end_of_record
TN:
SF:D:\osr_plcmnt\Osr2020\AZ\2MarchBeforeTestCases\src\index.js
FNF:0
FNH:0
DA:7,0
DA:12,0
LF:2
LH:0
BRF:0
BRH:0
end_of_record
TN:
SF:D:\osr_plcmnt\Osr2020\AZ\2MarchBeforeTestCases\src\serviceWorker.js
FN:23,register
FN:34,(anonymous_1)
FN:43,(anonymous_2)
FN:57,registerValidSW
FN:60,(anonymous_4)
FN:61,(anonymous_5)
FN:66,(anonymous_6)
FN:96,(anonymous_7)
FN:101,checkValidServiceWorker
FN:106,(anonymous_9)
FN:114,(anonymous_10)
FN:115,(anonymous_11)
FN:124,(anonymous_12)
FN:131,unregister
FN:134,(anonymous_14)
FN:137,(anonymous_15)
FNF:16
FNH:0
FNDA:0,register
FNDA:0,(anonymous_1)
FNDA:0,(anonymous_2)
FNDA:0,registerValidSW
FNDA:0,(anonymous_4)
FNDA:0,(anonymous_5)
FNDA:0,(anonymous_6)
FNDA:0,(anonymous_7)
FNDA:0,checkValidServiceWorker
FNDA:0,(anonymous_9)
FNDA:0,(anonymous_10)
FNDA:0,(anonymous_11)
FNDA:0,(anonymous_12)
FNDA:0,unregister
FNDA:0,(anonymous_14)
FNDA:0,(anonymous_15)
DA:13,0
DA:24,0
DA:26,0
DA:27,0
DA:31,0
DA:34,0
DA:35,0
DA:37,0
DA:39,0
DA:43,0
DA:44,0
DA:51,0
DA:58,0
DA:61,0
DA:62,0
DA:63,0
DA:64,0
DA:66,0
DA:67,0
DA:68,0
DA:72,0
DA:78,0
DA:79,0
DA:85,0
DA:88,0
DA:89,0
DA:97,0
DA:103,0
DA:108,0
DA:109,0
DA:114,0
DA:115,0
DA:116,0
DA:121,0
DA:125,0
DA:132,0
DA:133,0
DA:135,0
DA:138,0
LF:39
LH:0
BRDA:14,0,0,0
BRDA:14,0,1,0
BRDA:14,0,2,0
BRDA:24,1,0,0
BRDA:24,1,1,0
BRDA:24,2,0,0
BRDA:24,2,1,0
BRDA:27,3,0,0
BRDA:27,3,1,0
BRDA:37,4,0,0
BRDA:37,4,1,0
BRDA:63,5,0,0
BRDA:63,5,1,0
BRDA:67,6,0,0
BRDA:67,6,1,0
BRDA:68,7,0,0
BRDA:68,7,1,0
BRDA:78,8,0,0
BRDA:78,8,1,0
BRDA:78,9,0,0
BRDA:78,9,1,0
BRDA:88,10,0,0
BRDA:88,10,1,0
BRDA:88,11,0,0
BRDA:88,11,1,0
BRDA:109,12,0,0
BRDA:109,12,1,0
BRDA:110,13,0,0
BRDA:110,13,1,0
BRDA:110,13,2,0
BRDA:132,14,0,0
BRDA:132,14,1,0
BRF:32
BRH:0
end_of_record
TN:
SF:D:\osr_plcmnt\Osr2020\AZ\2MarchBeforeTestCases\src\utils.js
FN:3,(anonymous_0)
FNF:1
FNH:1
FNDA:7,(anonymous_0)
DA:3,2
DA:4,7
DA:5,7
DA:6,7
DA:7,7
LF:5
LH:5
BRDA:4,0,0,7
BRDA:4,0,1,0
BRDA:5,1,0,7
BRDA:5,1,1,0
BRDA:6,2,0,6
BRDA:6,2,1,1
BRF:6
BRH:4
end_of_record
TN:
SF:D:\osr_plcmnt\Osr2020\AZ\2MarchBeforeTestCases\src\components\car\CarDetails.js
FN:8,(anonymous_0)
FN:11,(anonymous_1)
FN:12,(anonymous_2)
FN:18,(anonymous_3)
FN:61,(anonymous_4)
FNF:5
FNH:3
FNDA:6,(anonymous_0)
FNDA:3,(anonymous_1)
FNDA:3,(anonymous_2)
FNDA:0,(anonymous_3)
FNDA:0,(anonymous_4)
DA:8,2
DA:9,6
DA:11,6
DA:12,3
DA:13,3
DA:14,3
DA:18,6
DA:20,6
DA:61,0
LF:9
LH:8
BRDA:26,0,0,6
BRDA:26,0,1,6
BRDA:26,1,0,6
BRDA:26,1,1,6
BRDA:34,2,0,6
BRDA:34,2,1,6
BRDA:40,3,0,6
BRDA:40,3,1,6
BRDA:41,4,0,3
BRDA:41,4,1,3
BRDA:41,5,0,6
BRDA:41,5,1,6
BRDA:41,6,0,3
BRDA:41,6,1,3
BRDA:41,7,0,3
BRDA:41,7,1,3
BRDA:42,8,0,6
BRDA:42,8,1,6
BRDA:43,9,0,6
BRDA:43,9,1,6
BRF:20
BRH:20
end_of_record
TN:
SF:D:\osr_plcmnt\Osr2020\AZ\2MarchBeforeTestCases\src\components\car\CarItem.js
FN:4,(anonymous_0)
FNF:1
FNH:1
FNDA:13,(anonymous_0)
DA:4,4
DA:5,13
DA:10,13
DA:11,13
LF:4
LH:4
BRF:0
BRH:0
end_of_record
TN:
SF:D:\osr_plcmnt\Osr2020\AZ\2MarchBeforeTestCases\src\components\car\CarsLanding.js
FN:6,(anonymous_0)
FN:18,(anonymous_1)
FNF:2
FNH:2
FNDA:15,(anonymous_0)
FNDA:10,(anonymous_1)
DA:6,3
DA:7,15
DA:9,15
DA:11,15
DA:18,10
LF:5
LH:5
BRDA:9,0,0,0
BRDA:9,0,1,15
BRDA:18,1,0,15
BRDA:18,1,1,12
BRF:4
BRH:3
end_of_record
TN:
SF:D:\osr_plcmnt\Osr2020\AZ\2MarchBeforeTestCases\src\components\common\Footer.js
FN:4,(anonymous_0)
FNF:1
FNH:1
FNDA:24,(anonymous_0)
DA:4,5
DA:5,24
LF:2
LH:2
BRF:0
BRH:0
end_of_record
TN:
SF:D:\osr_plcmnt\Osr2020\AZ\2MarchBeforeTestCases\src\components\common\NotFound404.js
FN:7,(anonymous_0)
FNF:1
FNH:1
FNDA:3,(anonymous_0)
DA:7,2
DA:8,3
LF:2
LH:2
BRF:0
BRH:0
end_of_record
TN:
SF:D:\osr_plcmnt\Osr2020\AZ\2MarchBeforeTestCases\src\components\common\Pagination.js
FN:4,(anonymous_0)
FN:7,(anonymous_1)
FN:15,(anonymous_2)
FN:27,(anonymous_3)
FN:32,(anonymous_4)
FN:42,(anonymous_5)
FN:47,(anonymous_6)
FNF:7
FNH:5
FNDA:24,(anonymous_0)
FNDA:3,(anonymous_1)
FNDA:3,(anonymous_2)
FNDA:0,(anonymous_3)
FNDA:3,(anonymous_4)
FNDA:3,(anonymous_5)
FNDA:0,(anonymous_6)
DA:4,4
DA:5,24
DA:7,24
DA:8,3
DA:9,2
DA:11,1
DA:15,24
DA:16,3
DA:17,1
DA:19,2
DA:23,24
DA:27,0
DA:32,3
DA:42,3
DA:47,0
LF:15
LH:13
BRDA:8,0,0,2
BRDA:8,0,1,1
BRDA:16,1,0,1
BRDA:16,1,1,2
BRF:4
BRH:4
end_of_record
TN:
SF:D:\osr_plcmnt\Osr2020\AZ\2MarchBeforeTestCases\src\components\common\TopHeader.js
FN:5,(anonymous_0)
FNF:1
FNH:1
FNDA:24,(anonymous_0)
DA:5,5
DA:6,24
LF:2
LH:2
BRF:0
BRH:0
end_of_record
TN:
SF:D:\osr_plcmnt\Osr2020\AZ\2MarchBeforeTestCases\src\components\filter\Filter.js
FN:7,(anonymous_0)
FN:14,(anonymous_1)
FN:17,(anonymous_2)
FN:26,(anonymous_3)
FN:29,(anonymous_4)
FN:33,(anonymous_5)
FN:55,(anonymous_6)
FNF:7
FNH:5
FNDA:30,(anonymous_0)
FNDA:65,(anonymous_1)
FNDA:0,(anonymous_2)
FNDA:15,(anonymous_3)
FNDA:0,(anonymous_4)
FNDA:12,(anonymous_5)
FNDA:1,(anonymous_6)
DA:7,3
DA:8,30
DA:14,65
DA:17,0
DA:26,3
DA:27,15
DA:28,15
DA:29,15
DA:30,0
DA:32,15
DA:33,15
DA:34,15
DA:35,15
DA:37,15
DA:55,1
LF:15
LH:13
BRDA:14,0,0,30
BRDA:14,0,1,30
BRDA:14,0,2,22
BRDA:33,1,0,15
BRDA:33,1,1,11
BRDA:34,2,0,15
BRDA:34,2,1,11
BRDA:35,3,0,15
BRDA:35,3,1,11
BRF:9
BRH:9
end_of_record
TN:
SF:D:\osr_plcmnt\Osr2020\AZ\2MarchBeforeTestCases\src\components\home\Home.js
FN:11,(anonymous_0)
FN:14,(anonymous_1)
FN:16,(anonymous_2)
FN:25,(anonymous_3)
FN:27,(anonymous_4)
FN:32,(anonymous_5)
FN:34,(anonymous_6)
FNF:7
FNH:5
FNDA:12,(anonymous_0)
FNDA:6,(anonymous_1)
FNDA:5,(anonymous_2)
FNDA:1,(anonymous_3)
FNDA:1,(anonymous_4)
FNDA:0,(anonymous_5)
FNDA:0,(anonymous_6)
DA:11,2
DA:12,12
DA:14,12
DA:15,6
DA:16,6
DA:17,5
DA:18,5
DA:19,5
DA:20,5
DA:25,12
DA:26,1
DA:27,1
DA:28,1
DA:32,12
DA:33,0
DA:34,0
DA:35,0
DA:40,12
LF:18
LH:15
BRF:0
BRH:0
end_of_record
TN:
SF:D:\osr_plcmnt\Osr2020\AZ\2MarchBeforeTestCases\src\helper\Service.js
FN:3,(anonymous_0)
FN:4,(anonymous_1)
FN:6,(anonymous_2)
FN:7,(anonymous_3)
FN:13,(anonymous_4)
FN:14,(anonymous_5)
FN:16,(anonymous_6)
FN:17,(anonymous_7)
FN:23,(anonymous_8)
FN:24,(anonymous_9)
FN:26,(anonymous_10)
FN:27,(anonymous_11)
FN:34,(anonymous_12)
FN:35,(anonymous_13)
FN:37,(anonymous_14)
FN:38,(anonymous_15)
FNF:16
FNH:16
FNDA:3,(anonymous_0)
FNDA:3,(anonymous_1)
FNDA:1,(anonymous_2)
FNDA:1,(anonymous_3)
FNDA:3,(anonymous_4)
FNDA:3,(anonymous_5)
FNDA:1,(anonymous_6)
FNDA:1,(anonymous_7)
FNDA:3,(anonymous_8)
FNDA:3,(anonymous_9)
FNDA:1,(anonymous_10)
FNDA:1,(anonymous_11)
FNDA:2,(anonymous_12)
FNDA:2,(anonymous_13)
FNDA:1,(anonymous_14)
FNDA:1,(anonymous_15)
DA:3,2
DA:4,3
DA:5,3
DA:6,1
DA:8,1
DA:13,2
DA:14,3
DA:15,3
DA:16,1
DA:18,1
DA:23,2
DA:24,3
DA:25,3
DA:26,1
DA:28,1
DA:34,2
DA:35,2
DA:36,2
DA:37,1
DA:39,1
LF:20
LH:20
BRDA:5,0,0,1
BRDA:5,0,1,2
BRF:2
BRH:2
end_of_record
